SF:lib/util/folly_utils.dart
DA:10,3
DA:11,3
DA:16,1
DA:22,1
DA:24,1
DA:33,2
DA:46,2
DA:47,2
DA:48,2
DA:49,2
DA:50,2
DA:51,2
DA:61,1
DA:67,1
DA:69,1
DA:78,2
DA:91,2
DA:92,2
DA:93,2
DA:94,2
DA:95,2
DA:96,2
DA:106,1
DA:107,1
DA:111,1
DA:113,2
DA:117,3
DA:121,2
DA:126,2
DA:127,2
DA:131,2
DA:132,3
DA:142,1
DA:143,1
DA:144,6
DA:148,2
DA:149,2
DA:155,1
DA:156,2
DA:160,1
DA:162,2
DA:166,2
DA:168,2
DA:172,2
DA:174,2
DA:184,1
DA:185,1
DA:186,2
DA:187,2
DA:188,4
DA:193,1
DA:194,1
DA:195,2
DA:196,2
DA:197,4
DA:202,2
DA:203,2
DA:204,2
DA:209,1
DA:210,1
DA:211,1
DA:212,1
DA:213,4
DA:214,1
DA:221,2
DA:222,2
DA:228,1
DA:229,1
DA:230,4
DA:236,1
DA:237,5
DA:242,2
DA:243,2
DA:249,1
DA:250,1
DA:251,2
DA:252,1
DA:253,1
DA:254,1
DA:255,4
DA:262,1
DA:271,3
DA:272,3
DA:273,3
DA:281,1
DA:286,1
DA:293,1
DA:294,1
DA:295,1
LF:89
LH:89
end_of_record
SF:lib/util/credit_card_type.dart
DA:254,0
DA:259,1
DA:260,1
DA:264,2
DA:268,2
DA:270,1
DA:271,1
DA:275,4
DA:276,2
DA:278,2
DA:279,1
DA:280,1
DA:281,1
DA:285,1
DA:288,2
DA:289,0
DA:291,0
DA:292,0
DA:301,1
DA:302,4
DA:303,5
DA:308,3
DA:313,1
DA:314,1
DA:316,2
DA:317,2
DA:318,1
DA:330,1
DA:331,1
DA:332,1
DA:333,3
DA:334,3
DA:335,2
DA:337,3
DA:340,1
DA:354,1
DA:364,1
DA:369,1
DA:370,3
DA:372,2
DA:376,2
DA:382,1
DA:383,2
DA:385,4
LF:44
LH:40
end_of_record
SF:lib/util/decimal.dart
DA:15,3
DA:19,6
DA:21,3
DA:25,3
DA:30,3
DA:31,18
DA:37,2
DA:38,6
DA:43,2
DA:44,8
DA:49,2
DA:51,2
DA:52,12
LF:13
LH:13
end_of_record
SF:lib/util/hashable.dart
DA:10,0
DA:15,0
DA:17,0
DA:19,0
DA:20,0
DA:21,0
DA:22,0
DA:26,0
DA:29,0
DA:33,0
DA:34,0
DA:42,0
DA:46,0
DA:56,2
DA:57,4
DA:58,8
DA:59,4
DA:65,2
DA:66,8
DA:67,4
DA:68,8
LF:21
LH:8
end_of_record
SF:lib/util/folly_validators.dart
DA:10,1
DA:14,2
DA:19,1
DA:23,2
DA:28,1
DA:32,2
DA:37,1
DA:41,2
DA:46,0
DA:50,0
DA:55,0
DA:59,0
DA:64,0
DA:73,0
DA:77,0
DA:82,0
DA:86,0
DA:91,0
DA:95,0
DA:100,0
DA:104,0
DA:109,0
DA:113,0
DA:118,0
DA:122,0
DA:127,0
DA:131,0
DA:136,0
DA:140,0
LF:29
LH:8
end_of_record
SF:lib/validators/decimal_validator.dart
DA:17,1
DA:21,2
DA:22,1
DA:23,1
DA:24,1
DA:31,1
DA:33,1
DA:34,2
DA:35,1
DA:36,1
DA:37,1
DA:38,1
DA:40,2
DA:41,2
DA:42,3
DA:47,3
DA:48,2
DA:51,2
DA:57,0
DA:63,0
DA:68,0
DA:69,0
DA:74,0
DA:80,0
DA:82,0
DA:84,0
DA:88,0
DA:90,0
DA:91,0
DA:94,0
DA:95,0
DA:98,0
DA:100,0
DA:108,0
LF:34
LH:18
end_of_record
SF:lib/validators/abstract_validator.dart
DA:12,14
DA:22,18
DA:32,0
LF:3
LH:2
end_of_record
SF:lib/validators/mac_address_validator.dart
DA:14,1
DA:15,1
DA:16,1
DA:17,1
DA:19,1
DA:20,1
DA:29,1
DA:30,2
DA:31,1
DA:35,8
DA:41,1
DA:42,2
DA:47,1
DA:49,3
DA:53,1
DA:55,2
DA:59,3
DA:62,3
DA:67,2
DA:69,1
DA:70,6
DA:71,2
LF:22
LH:22
end_of_record
SF:lib/util/mask_text_input_formatter.dart
DA:23,12
DA:28,12
DA:31,8
DA:32,8
DA:33,8
DA:37,12
DA:39,12
DA:46,12
DA:51,12
DA:53,24
DA:58,12
DA:61,12
DA:63,12
DA:65,12
DA:66,24
DA:67,12
DA:68,12
DA:70,12
DA:72,12
DA:74,24
DA:82,0
DA:87,0
DA:92,36
DA:97,0
DA:102,0
DA:103,0
DA:104,0
DA:106,0
DA:111,0
DA:112,0
DA:113,0
DA:115,0
DA:120,12
DA:125,24
DA:128,12
DA:129,24
DA:135,12
DA:139,12
DA:141,12
DA:142,0
DA:143,0
DA:147,12
DA:148,12
DA:150,12
DA:152,12
DA:153,12
DA:154,0
DA:158,48
DA:159,12
DA:160,12
DA:162,24
DA:163,24
DA:165,24
DA:166,12
DA:168,24
DA:170,24
DA:175,48
DA:176,0
DA:177,0
DA:178,0
DA:179,0
DA:180,0
DA:182,0
DA:183,0
DA:189,12
DA:191,12
DA:192,24
DA:194,12
DA:197,0
DA:198,0
DA:200,0
DA:203,0
DA:204,0
DA:207,48
DA:208,0
DA:209,0
DA:211,0
DA:212,0
DA:219,12
DA:220,12
DA:223,24
DA:224,12
DA:225,24
DA:227,36
DA:232,0
DA:233,0
DA:236,0
DA:237,0
DA:238,0
DA:239,0
DA:246,0
DA:247,0
DA:248,0
DA:251,0
DA:253,12
DA:254,24
DA:262,0
DA:265,0
DA:268,0
DA:271,12
DA:272,0
DA:274,0
DA:276,0
DA:279,48
DA:280,0
DA:284,12
DA:286,12
DA:287,12
DA:288,12
DA:291,24
DA:292,24
DA:300,12
DA:301,12
DA:302,12
DA:303,36
DA:304,36
DA:305,24
DA:313,12
DA:314,12
DA:315,48
DA:328,12
DA:329,24
DA:334,36
DA:339,0
DA:340,0
DA:341,0
DA:348,0
DA:353,0
DA:358,0
DA:363,36
DA:368,12
DA:369,24
DA:374,0
DA:375,0
DA:376,0
DA:377,0
DA:389,2
DA:393,4
DA:398,2
DA:403,4
DA:404,0
DA:405,0
DA:406,0
DA:407,0
DA:411,2
DA:425,2
DA:430,4
DA:431,4
DA:433,8
DA:436,2
DA:443,2
DA:452,4
DA:453,4
DA:455,6
DA:457,0
DA:460,8
DA:462,0
DA:465,2
LF:158
LH:95
end_of_record
SF:lib/validators/local_phone_validator.dart
DA:12,1
DA:13,1
DA:14,1
DA:15,1
DA:25,1
DA:26,2
DA:27,1
DA:28,4
DA:34,0
DA:40,1
DA:42,1
DA:45,1
DA:50,4
DA:55,4
LF:14
LH:13
end_of_record
SF:lib/validators/cpf_validator.dart
DA:13,1
DA:14,1
DA:15,1
DA:16,1
DA:25,1
DA:26,1
DA:31,1
DA:32,1
DA:37,0
DA:43,1
DA:44,1
LF:11
LH:10
end_of_record
SF:lib/validators/phone_validator.dart
DA:12,1
DA:13,1
DA:14,1
DA:15,1
DA:25,0
DA:26,0
DA:27,0
DA:28,0
DA:34,0
DA:40,1
DA:42,1
DA:45,1
DA:50,4
DA:55,4
DA:60,4
LF:15
LH:10
end_of_record
SF:lib/validators/time_validator.dart
DA:15,1
DA:16,1
DA:17,1
DA:18,1
DA:20,1
DA:21,1
DA:22,1
DA:23,1
DA:32,0
DA:33,0
DA:34,0
DA:39,0
DA:45,1
DA:46,1
DA:51,0
DA:57,1
DA:59,1
DA:60,1
DA:61,2
DA:62,1
DA:63,2
DA:64,2
DA:74,1
DA:75,1
DA:80,0
DA:81,0
LF:26
LH:19
end_of_record
SF:lib/validators/color_validator.dart
DA:13,1
DA:14,1
DA:15,1
DA:16,1
DA:18,1
DA:19,1
DA:28,0
DA:29,0
DA:34,0
DA:40,0
DA:41,0
DA:46,1
DA:48,1
DA:49,0
DA:52,1
DA:53,3
DA:55,2
DA:56,11
DA:59,2
DA:60,2
DA:61,2
DA:62,2
DA:63,2
DA:64,2
DA:65,2
DA:66,2
DA:67,1
DA:70,2
DA:71,1
DA:74,2
DA:75,1
DA:78,1
DA:81,2
DA:82,1
DA:83,0
DA:91,0
DA:92,0
LF:37
LH:28
end_of_record
SF:lib/validators/cep_validator.dart
DA:12,1
DA:13,1
DA:14,1
DA:15,1
DA:24,1
DA:25,2
DA:26,1
DA:27,5
DA:33,0
DA:39,1
DA:40,3
LF:11
LH:10
end_of_record
SF:lib/validators/cnpj_validator.dart
DA:13,1
DA:14,1
DA:15,1
DA:16,1
DA:25,1
DA:26,1
DA:31,1
DA:32,1
DA:37,0
DA:43,1
DA:44,1
LF:11
LH:10
end_of_record
SF:lib/validators/date_validator.dart
DA:17,1
DA:21,1
DA:22,1
DA:23,1
DA:24,1
DA:33,0
DA:34,0
DA:39,0
DA:45,1
DA:46,1
DA:51,0
DA:57,0
DA:59,0
DA:63,0
DA:64,0
DA:73,1
DA:74,1
LF:17
LH:9
end_of_record
SF:lib/validators/email_validator.dart
DA:13,2
DA:18,0
DA:24,1
DA:25,1
DA:30,0
DA:36,0
LF:6
LH:3
end_of_record
SF:lib/validators/credit_card_expiration_validator.dart
DA:12,1
DA:13,1
DA:14,1
DA:15,1
DA:24,0
DA:30,0
DA:36,0
DA:42,1
DA:44,2
DA:46,2
DA:50,1
DA:52,1
DA:53,2
DA:57,1
DA:59,1
DA:64,1
DA:66,1
DA:68,3
DA:70,1
DA:72,1
LF:20
LH:17
end_of_record
SF:lib/validators/licence_plate_validator.dart
DA:12,1
DA:13,1
DA:14,1
DA:15,1
DA:17,1
DA:18,1
DA:19,1
DA:20,1
DA:29,1
DA:30,2
DA:31,1
DA:32,6
DA:38,1
DA:39,2
DA:44,1
DA:46,1
DA:50,1
DA:52,2
DA:56,3
LF:19
LH:19
end_of_record
SF:lib/validators/mobile_phone_validator.dart
DA:12,1
DA:13,1
DA:14,1
DA:15,1
DA:24,1
DA:25,2
DA:26,1
DA:27,5
DA:33,0
DA:39,1
DA:41,1
DA:44,1
DA:48,2
DA:53,4
DA:58,2
LF:15
LH:14
end_of_record
