SF:lib/util/folly_string_extension.dart
DA:8,2
DA:9,10
DA:14,1
DA:15,6
LF:4
LH:4
end_of_record
SF:lib/util/folly_utils.dart
DA:13,1
DA:14,1
DA:18,1
DA:20,2
DA:24,3
DA:28,2
DA:33,2
DA:34,2
DA:38,2
DA:39,4
DA:49,1
DA:50,2
DA:54,1
DA:56,2
DA:60,2
DA:62,2
DA:66,2
DA:68,2
DA:78,1
DA:79,1
DA:80,2
DA:81,2
DA:82,4
DA:87,1
DA:88,1
DA:89,2
DA:90,2
DA:91,4
DA:96,2
DA:97,2
DA:98,2
DA:103,1
DA:104,1
DA:105,1
DA:106,1
DA:107,4
DA:108,1
DA:115,2
DA:116,2
DA:122,1
DA:123,1
DA:124,4
DA:130,1
DA:131,5
DA:136,2
DA:137,2
DA:143,1
DA:144,1
DA:145,2
DA:146,1
DA:147,1
DA:148,1
DA:149,4
DA:156,1
DA:165,3
DA:166,3
DA:167,3
DA:175,2
DA:176,2
DA:177,1
DA:180,2
DA:181,6
DA:183,4
DA:184,2
DA:187,4
DA:188,22
DA:191,4
DA:192,2
DA:193,2
DA:194,2
DA:195,2
DA:196,2
DA:197,2
DA:198,2
DA:199,1
DA:202,4
DA:203,2
DA:206,4
DA:207,1
DA:210,2
DA:213,4
DA:214,2
DA:215,1
DA:223,1
DA:228,1
DA:235,1
DA:236,1
DA:237,1
LF:88
LH:88
end_of_record
SF:lib/util/folly_date_time_extension.dart
DA:13,2
DA:18,1
DA:23,1
DA:32,12
DA:38,12
DA:39,12
DA:40,12
DA:49,10
DA:54,1
DA:59,1
DA:68,6
DA:74,6
DA:75,6
DA:76,6
DA:85,10
DA:90,5
DA:91,10
DA:92,45
DA:96,10
DA:98,15
DA:104,9
DA:109,12
DA:114,3
DA:119,8
DA:124,8
DA:129,3
DA:134,6
DA:135,3
DA:136,18
DA:138,3
DA:143,6
DA:144,3
DA:145,18
DA:147,3
DA:152,1
DA:153,2
DA:158,1
DA:159,2
DA:164,1
DA:165,2
DA:170,1
DA:171,2
DA:176,0
DA:181,0
LF:44
LH:42
end_of_record
SF:lib/util/credit_card_type.dart
DA:251,0
DA:256,1
DA:257,1
DA:261,2
DA:265,2
DA:267,2
DA:271,4
DA:272,2
DA:274,2
DA:275,1
DA:276,1
DA:277,1
DA:281,1
DA:284,2
DA:285,0
DA:293,1
DA:294,4
DA:295,5
DA:300,3
DA:305,1
DA:306,1
DA:308,2
DA:309,2
DA:310,1
DA:322,1
DA:324,1
DA:325,1
DA:326,3
DA:328,3
DA:329,2
DA:331,1
DA:332,2
DA:335,1
DA:349,2
DA:359,2
DA:364,1
DA:365,3
DA:367,2
DA:371,2
DA:377,1
DA:378,2
DA:379,4
LF:42
LH:40
end_of_record
SF:lib/util/hashable.dart
DA:10,6
DA:15,6
DA:17,6
DA:19,6
DA:21,1
DA:22,6
DA:24,2
DA:28,6
DA:42,6
DA:55,6
DA:61,11
DA:62,22
DA:63,44
DA:65,22
DA:71,11
DA:72,44
DA:73,22
DA:75,44
LF:18
LH:18
end_of_record
SF:lib/util/decimal.dart
DA:15,8
DA:19,16
DA:21,8
DA:25,14
DA:26,18
DA:31,14
DA:36,2
DA:37,8
DA:42,6
DA:43,36
DA:48,7
DA:49,21
DA:54,5
DA:55,20
DA:60,7
DA:62,7
DA:63,42
LF:17
LH:17
end_of_record
SF:lib/util/ipv4_address.dart
DA:12,1
DA:17,1
DA:19,3
DA:23,3
DA:27,3
DA:31,3
DA:34,6
DA:39,4
DA:44,4
DA:49,4
DA:54,3
DA:59,2
DA:64,1
DA:68,6
DA:74,1
DA:78,1
DA:79,1
DA:82,1
DA:84,2
DA:85,1
DA:88,1
DA:90,2
DA:91,1
DA:92,2
DA:93,1
DA:95,1
DA:98,5
DA:104,1
DA:108,2
DA:109,1
DA:112,2
DA:118,1
DA:119,1
DA:124,1
DA:126,4
DA:131,1
DA:132,2
DA:133,1
DA:134,1
DA:137,1
DA:143,1
DA:144,2
DA:145,1
DA:146,1
DA:149,1
DA:155,4
DA:160,4
DA:165,4
DA:170,4
LF:49
LH:49
end_of_record
SF:lib/crud/abstract_consumer.dart
DA:20,5
DA:58,0
DA:65,0
DA:72,0
DA:73,0
DA:87,0
DA:106,0
DA:139,5
DA:152,0
DA:153,0
DA:154,0
DA:155,0
DA:156,0
DA:157,0
DA:158,0
DA:159,0
DA:164,0
DA:165,0
DA:166,0
DA:167,0
DA:168,0
DA:169,0
DA:170,0
DA:171,0
DA:172,0
LF:25
LH:2
end_of_record
SF:lib/crud/abstract_model.dart
DA:17,5
DA:27,15
DA:32,15
DA:37,15
DA:42,0
DA:47,0
DA:52,5
DA:53,15
DA:55,10
DA:56,0
DA:57,0
DA:58,0
DA:61,10
DA:62,0
DA:63,0
DA:64,0
DA:71,5
DA:73,5
DA:74,5
DA:75,15
DA:84,0
DA:89,5
DA:90,15
DA:95,5
DA:96,15
DA:101,0
DA:106,0
DA:111,0
DA:112,0
DA:113,0
DA:114,0
DA:123,0
DA:127,0
DA:128,0
DA:131,0
DA:132,0
DA:133,0
DA:135,0
DA:137,0
DA:138,0
DA:142,0
DA:144,0
LF:42
LH:16
end_of_record
SF:lib/folly_fields.dart
DA:16,15
DA:21,5
DA:31,10
DA:32,5
DA:47,5
DA:48,5
DA:54,5
DA:59,0
DA:60,0
DA:65,0
DA:66,0
DA:71,0
DA:72,0
DA:77,0
DA:78,0
DA:83,0
DA:84,0
DA:89,0
DA:90,0
DA:95,0
DA:96,0
DA:101,0
DA:102,0
DA:107,0
DA:108,0
DA:113,5
DA:114,10
DA:119,5
DA:120,10
DA:125,5
DA:126,10
DA:131,0
DA:132,0
DA:137,0
DA:138,0
DA:143,0
DA:144,0
DA:149,0
DA:150,0
DA:152,0
DA:156,0
DA:160,0
DA:164,0
DA:193,0
DA:298,0
DA:299,0
DA:304,0
DA:305,0
DA:310,0
DA:311,0
DA:316,0
DA:317,0
DA:322,0
DA:324,0
DA:329,0
DA:330,0
DA:335,0
DA:336,0
DA:341,0
DA:342,0
DA:347,0
DA:348,0
DA:353,5
DA:354,5
DA:359,5
DA:360,5
DA:365,5
DA:366,5
DA:371,0
DA:372,0
DA:377,0
DA:378,0
DA:383,0
DA:384,0
DA:389,5
DA:398,5
DA:400,0
DA:403,5
DA:405,5
DA:408,5
DA:409,5
DA:410,5
DA:412,5
DA:413,5
DA:415,5
DA:418,0
DA:419,5
DA:420,0
DA:421,5
DA:422,0
DA:423,5
DA:424,5
DA:425,0
DA:426,0
DA:427,0
DA:428,0
DA:429,0
DA:430,0
DA:433,0
DA:435,5
DA:437,10
DA:439,15
DA:440,10
DA:442,15
LF:104
LH:38
end_of_record
SF:lib/util/model_utils.dart
DA:15,1
DA:19,3
DA:24,2
DA:28,4
DA:33,1
DA:37,2
DA:42,1
DA:46,1
DA:51,1
DA:55,1
DA:60,1
DA:64,1
DA:66,2
DA:72,1
DA:76,1
DA:81,4
DA:82,8
DA:83,4
DA:89,1
DA:90,2
DA:95,2
DA:99,6
DA:104,6
DA:108,6
DA:113,1
DA:118,1
DA:119,2
DA:120,1
DA:121,1
DA:124,1
DA:129,1
DA:130,4
DA:135,1
DA:140,1
DA:145,3
DA:150,3
DA:151,3
DA:152,6
DA:153,4
DA:158,2
DA:164,2
DA:165,4
DA:166,2
DA:171,1
DA:172,1
DA:180,1
DA:181,1
DA:189,1
DA:193,1
DA:195,2
DA:196,1
DA:202,6
DA:207,0
DA:212,0
DA:213,0
DA:218,0
DA:219,0
DA:224,2
DA:229,2
DA:234,0
DA:237,0
DA:242,0
DA:245,0
DA:250,0
DA:251,0
DA:256,0
DA:257,0
DA:262,0
DA:265,0
DA:270,0
DA:271,0
DA:277,0
DA:278,0
DA:279,0
DA:281,0
DA:286,0
DA:290,0
DA:295,0
DA:296,0
DA:297,0
DA:299,0
DA:304,0
DA:307,0
DA:312,0
DA:314,0
LF:85
LH:54
end_of_record
SF:lib/responsive/responsive.dart
DA:15,0
DA:25,0
DA:35,0
DA:45,0
DA:55,0
DA:65,0
DA:70,0
DA:72,0
DA:73,0
DA:74,0
DA:75,0
DA:76,0
DA:77,0
DA:78,0
DA:79,0
DA:80,0
DA:81,0
DA:104,0
DA:106,0
DA:108,0
DA:110,0
DA:112,0
DA:114,0
DA:122,0
DA:127,0
DA:132,0
DA:137,0
DA:142,0
DA:170,0
DA:179,0
DA:183,0
DA:187,0
DA:191,0
DA:195,0
DA:199,0
DA:229,0
DA:238,0
DA:242,0
DA:246,0
DA:250,0
DA:254,0
DA:258,0
LF:42
LH:0
end_of_record
SF:lib/util/mask_text_input_formatter.dart
DA:23,20
DA:28,20
DA:31,12
DA:32,12
DA:33,12
DA:37,20
DA:39,20
DA:46,20
DA:51,20
DA:53,40
DA:58,20
DA:61,20
DA:63,20
DA:65,20
DA:66,40
DA:67,20
DA:68,20
DA:70,20
DA:72,20
DA:74,40
DA:82,0
DA:87,0
DA:92,60
DA:97,0
DA:102,0
DA:103,0
DA:104,0
DA:106,0
DA:111,0
DA:112,0
DA:113,0
DA:115,0
DA:120,20
DA:125,40
DA:128,20
DA:130,40
DA:136,20
DA:140,20
DA:142,20
DA:143,0
DA:144,0
DA:149,20
DA:150,20
DA:152,20
DA:154,20
DA:155,20
DA:156,0
DA:160,80
DA:161,20
DA:162,20
DA:164,40
DA:165,40
DA:167,40
DA:168,20
DA:170,40
DA:172,40
DA:177,80
DA:178,0
DA:179,0
DA:180,0
DA:181,0
DA:182,0
DA:184,0
DA:185,0
DA:191,20
DA:193,20
DA:194,40
DA:196,20
DA:199,0
DA:200,0
DA:202,0
DA:205,0
DA:206,0
DA:209,80
DA:210,0
DA:211,0
DA:213,0
DA:214,0
DA:221,20
DA:222,20
DA:225,40
DA:226,20
DA:227,40
DA:229,60
DA:234,0
DA:235,0
DA:238,0
DA:239,0
DA:240,0
DA:241,0
DA:248,0
DA:249,0
DA:250,0
DA:253,0
DA:255,20
DA:256,40
DA:264,0
DA:267,0
DA:270,0
DA:273,20
DA:274,0
DA:276,0
DA:278,0
DA:281,80
DA:282,0
DA:286,20
DA:288,20
DA:289,20
DA:290,20
DA:294,40
DA:295,40
DA:303,20
DA:304,20
DA:305,20
DA:306,60
DA:307,60
DA:308,40
DA:316,20
DA:317,20
DA:318,80
DA:331,20
DA:332,40
DA:337,60
DA:342,0
DA:343,0
DA:344,0
DA:351,0
DA:356,0
DA:361,0
DA:366,60
DA:371,20
DA:372,40
DA:377,0
DA:378,0
DA:379,0
DA:380,0
DA:392,2
DA:396,4
DA:401,2
DA:406,4
DA:407,0
DA:408,0
DA:409,0
DA:410,0
DA:414,2
DA:428,3
DA:433,6
DA:434,6
DA:436,12
DA:439,3
DA:446,3
DA:451,6
DA:452,6
DA:454,9
DA:455,0
DA:458,12
DA:459,0
DA:462,3
LF:158
LH:95
end_of_record
SF:lib/validators/color_validator.dart
DA:13,2
DA:14,2
DA:15,2
DA:16,2
DA:18,2
DA:19,2
DA:28,1
DA:30,4
DA:35,1
DA:41,1
DA:42,1
DA:47,2
DA:49,2
DA:54,1
DA:55,1
LF:15
LH:15
end_of_record
SF:lib/validators/abstract_validator.dart
DA:12,24
DA:22,24
DA:32,2
DA:58,8
LF:4
LH:4
end_of_record
SF:lib/util/duplet.dart
DA:11,9
DA:16,7
DA:17,21
DA:29,1
DA:34,1
DA:35,3
LF:6
LH:6
end_of_record
SF:lib/util/folly_validators.dart
DA:10,1
DA:14,2
DA:19,1
DA:23,2
DA:28,1
DA:32,2
DA:37,1
DA:41,2
DA:46,1
DA:50,1
DA:55,1
DA:59,2
DA:64,1
DA:68,1
DA:73,1
DA:77,2
DA:82,1
DA:91,1
DA:97,1
DA:98,1
DA:101,1
DA:102,1
DA:106,2
DA:115,1
DA:121,1
DA:122,1
DA:125,2
DA:126,5
DA:130,1
DA:131,1
DA:134,2
DA:135,2
DA:136,5
DA:141,3
DA:150,1
DA:154,2
DA:159,1
DA:163,2
DA:168,1
DA:172,1
DA:177,1
DA:181,1
DA:186,1
DA:190,1
DA:195,1
DA:199,1
DA:204,1
DA:208,1
DA:213,1
DA:217,1
LF:50
LH:50
end_of_record
SF:lib/validators/phone_validator.dart
DA:12,1
DA:13,1
DA:14,1
DA:15,1
DA:25,0
DA:26,0
DA:27,0
DA:28,0
DA:34,1
DA:40,1
DA:42,1
DA:45,1
DA:50,4
DA:55,4
DA:60,4
LF:15
LH:11
end_of_record
SF:lib/validators/time_validator.dart
DA:14,1
DA:15,1
DA:16,1
DA:17,1
DA:19,1
DA:20,1
DA:21,1
DA:22,1
DA:31,1
DA:32,4
DA:33,3
DA:38,1
DA:44,1
DA:45,1
DA:50,1
DA:56,1
DA:58,1
DA:59,1
DA:60,2
DA:61,1
DA:62,2
DA:63,2
DA:74,1
DA:75,1
DA:80,1
DA:81,2
LF:26
LH:26
end_of_record
SF:lib/validators/ipv4_validator.dart
DA:13,1
DA:14,1
DA:15,1
DA:16,1
DA:18,1
DA:19,1
DA:28,1
DA:34,1
DA:40,1
DA:46,1
DA:47,1
DA:52,1
DA:54,1
DA:58,1
DA:60,2
DA:64,2
DA:65,1
DA:66,2
DA:77,1
DA:79,1
LF:20
LH:20
end_of_record
SF:lib/validators/ncm_validator.dart
DA:12,1
DA:13,1
DA:14,1
DA:15,1
DA:24,0
DA:25,0
DA:26,0
DA:27,0
DA:33,1
DA:39,0
DA:40,0
LF:11
LH:5
end_of_record
SF:lib/validators/cep_validator.dart
DA:12,1
DA:13,1
DA:14,1
DA:15,1
DA:24,1
DA:25,2
DA:26,1
DA:27,5
DA:33,1
DA:39,1
DA:40,3
LF:11
LH:11
end_of_record
SF:lib/validators/new_decimal_validator.dart
DA:17,1
DA:22,2
DA:25,2
DA:26,1
DA:36,1
DA:42,0
DA:48,2
DA:53,1
DA:55,1
DA:56,2
DA:57,1
DA:58,1
DA:59,1
DA:60,1
DA:62,2
DA:63,2
DA:64,3
DA:69,3
DA:70,2
DA:73,2
DA:79,0
DA:80,0
DA:85,1
DA:87,2
DA:89,1
DA:93,2
DA:98,1
DA:100,1
DA:101,1
DA:103,2
DA:104,2
DA:107,3
DA:108,2
DA:111,1
DA:113,2
DA:121,0
LF:36
LH:32
end_of_record
SF:lib/util/decimal_text_formatter.dart
DA:15,1
DA:19,2
DA:24,0
DA:34,0
DA:37,0
DA:38,0
DA:39,0
DA:46,0
DA:47,0
DA:53,0
DA:62,0
DA:63,0
DA:65,0
DA:66,0
DA:68,0
DA:69,0
DA:70,0
DA:76,0
DA:77,0
DA:78,0
DA:79,0
DA:85,0
DA:96,0
DA:97,0
DA:104,0
DA:106,0
DA:107,0
DA:108,0
DA:110,0
DA:112,0
DA:113,0
DA:115,0
DA:116,0
DA:117,0
DA:118,0
DA:122,0
DA:125,0
DA:128,0
DA:130,0
DA:132,0
DA:133,0
DA:136,0
DA:138,0
DA:140,0
DA:143,0
DA:145,0
DA:147,0
DA:153,0
DA:155,0
DA:159,0
DA:163,0
DA:164,0
DA:171,0
LF:53
LH:2
end_of_record
SF:lib/validators/cnae_validator.dart
DA:12,1
DA:13,1
DA:14,1
DA:15,1
DA:24,0
DA:25,0
DA:26,0
DA:27,0
DA:33,1
DA:39,0
DA:40,0
LF:11
LH:5
end_of_record
SF:lib/validators/mobile_phone_validator.dart
DA:12,1
DA:13,1
DA:14,1
DA:15,1
DA:24,1
DA:25,2
DA:26,1
DA:27,5
DA:33,1
DA:39,1
DA:41,1
DA:44,1
DA:48,2
DA:53,4
DA:58,2
LF:15
LH:15
end_of_record
SF:lib/validators/date_time_validator.dart
DA:17,2
DA:21,2
DA:22,2
DA:23,2
DA:25,2
DA:26,2
DA:27,2
DA:28,2
DA:29,2
DA:30,2
DA:39,0
DA:40,0
DA:45,1
DA:51,1
DA:52,1
DA:57,2
DA:63,1
DA:65,1
DA:67,4
DA:68,0
DA:79,0
DA:81,0
DA:85,0
DA:87,0
DA:91,0
DA:92,0
LF:26
LH:17
end_of_record
SF:lib/validators/email_validator.dart
DA:13,2
DA:18,0
DA:24,1
DA:25,1
DA:30,0
DA:36,1
LF:6
LH:4
end_of_record
SF:lib/validators/licence_plate_validator.dart
DA:12,1
DA:13,1
DA:14,1
DA:15,1
DA:17,1
DA:18,1
DA:19,1
DA:20,1
DA:29,1
DA:30,2
DA:31,1
DA:32,6
DA:38,1
DA:39,2
DA:44,1
DA:46,1
DA:50,1
DA:52,2
DA:56,3
LF:19
LH:19
end_of_record
SF:lib/validators/local_phone_validator.dart
DA:12,1
DA:13,1
DA:14,1
DA:15,1
DA:25,1
DA:26,2
DA:27,1
DA:28,4
DA:34,1
DA:40,1
DA:42,1
DA:45,1
DA:50,4
DA:55,4
LF:14
LH:14
end_of_record
SF:lib/validators/cpf_validator.dart
DA:13,1
DA:14,1
DA:15,1
DA:16,1
DA:25,1
DA:26,1
DA:31,1
DA:32,1
DA:37,1
DA:43,1
DA:44,1
LF:11
LH:11
end_of_record
SF:lib/validators/duration_validator.dart
DA:19,1
DA:27,2
DA:28,2
DA:29,2
DA:30,2
DA:31,2
DA:32,2
DA:34,2
DA:41,0
DA:43,0
DA:53,0
DA:54,0
DA:55,0
DA:56,0
DA:57,0
DA:60,0
DA:61,0
DA:62,0
DA:65,0
DA:66,0
DA:67,0
DA:70,0
DA:71,0
DA:72,0
DA:75,0
DA:76,0
DA:77,0
DA:80,0
DA:81,0
DA:82,0
DA:85,0
DA:86,0
DA:89,0
DA:90,0
DA:93,0
DA:94,0
DA:97,0
DA:98,0
DA:101,0
DA:102,0
DA:105,0
DA:106,0
DA:109,0
DA:110,0
DA:119,0
DA:125,0
DA:127,0
DA:129,0
DA:131,0
DA:133,0
DA:135,0
DA:137,0
DA:139,0
DA:145,0
DA:147,0
DA:149,0
DA:155,1
DA:161,0
DA:163,0
DA:167,0
DA:168,0
DA:170,0
DA:171,0
DA:172,0
DA:173,0
DA:174,0
DA:175,0
DA:176,0
DA:178,0
DA:179,0
DA:180,0
DA:181,0
DA:182,0
DA:183,0
DA:185,0
DA:188,0
DA:190,0
DA:192,0
DA:194,0
DA:196,0
DA:198,0
DA:199,0
DA:200,0
DA:203,0
DA:205,0
DA:217,0
LF:86
LH:9
end_of_record
SF:lib/validators/mac_address_validator.dart
DA:14,1
DA:15,1
DA:16,1
DA:17,1
DA:19,1
DA:20,1
DA:29,1
DA:30,2
DA:31,1
DA:35,8
DA:41,1
DA:42,2
DA:47,1
DA:49,3
DA:53,1
DA:55,2
DA:59,3
DA:62,3
DA:67,2
DA:69,1
DA:70,6
DA:71,2
LF:22
LH:22
end_of_record
SF:lib/validators/date_validator.dart
DA:11,1
DA:20,1
DA:21,1
LF:3
LH:3
end_of_record
SF:lib/validators/credit_card_number_validator.dart
DA:17,1
DA:19,1
DA:20,1
DA:21,1
DA:22,1
DA:30,0
DA:35,0
DA:36,0
DA:38,0
DA:39,0
DA:45,0
DA:46,0
DA:51,1
DA:57,0
DA:59,0
LF:15
LH:6
end_of_record
SF:lib/validators/credit_card_expiration_validator.dart
DA:12,1
DA:13,1
DA:14,1
DA:15,1
DA:24,0
DA:30,0
DA:36,1
DA:42,1
DA:44,2
DA:46,2
DA:50,1
DA:52,1
DA:53,2
DA:57,1
DA:59,1
DA:64,1
DA:66,1
DA:68,3
DA:70,1
DA:72,1
LF:20
LH:18
end_of_record
SF:lib/validators/decimal_validator.dart
DA:16,1
DA:20,2
DA:21,1
DA:22,1
DA:23,1
DA:30,1
DA:32,1
DA:33,2
DA:34,1
DA:35,1
DA:36,1
DA:37,1
DA:39,2
DA:40,2
DA:41,3
DA:46,3
DA:47,2
DA:50,2
DA:56,0
DA:62,2
DA:67,0
DA:68,0
DA:73,1
DA:79,1
DA:81,2
DA:83,1
DA:87,3
DA:89,4
DA:90,1
DA:93,2
DA:94,4
DA:97,3
DA:105,0
LF:33
LH:29
end_of_record
SF:lib/validators/cpf_cnpj_validator.dart
DA:14,1
DA:15,1
DA:16,1
DA:17,1
DA:27,0
DA:29,0
DA:31,0
DA:32,0
DA:33,0
DA:39,0
DA:41,0
DA:43,0
DA:47,0
DA:48,0
DA:49,0
DA:55,1
LF:16
LH:5
end_of_record
SF:lib/validators/cnpj_validator.dart
DA:13,1
DA:14,1
DA:15,1
DA:16,1
DA:25,1
DA:26,1
DA:31,1
DA:32,1
DA:37,1
DA:43,1
DA:44,1
LF:11
LH:11
end_of_record
SF:lib/validators/cest_validator.dart
DA:12,1
DA:13,1
DA:14,1
DA:15,1
DA:24,0
DA:25,0
DA:26,0
DA:27,0
DA:33,1
DA:39,0
DA:40,0
LF:11
LH:5
end_of_record
